[ 2018-01-29T20:01:29+08:00 ] 127.0.0.1 /
INFO: [ app_init ] --START--
INFO: Run Behavior\BuildLiteBehavior [ RunTime:0.000000s ]
INFO: [ app_init ] --END-- [ RunTime:0.001000s ]
INFO: [ app_begin ] --START--
INFO: Run Behavior\ReadHtmlCacheBehavior [ RunTime:0.001000s ]
INFO: [ app_begin ] --END-- [ RunTime:0.001000s ]
INFO: [ view_parse ] --START--
INFO: [ template_filter ] --START--
INFO: Run Behavior\ContentReplaceBehavior [ RunTime:0.001000s ]
INFO: [ template_filter ] --END-- [ RunTime:0.001000s ]
INFO: Run Behavior\ParseTemplateBehavior [ RunTime:0.009000s ]
INFO: [ view_parse ] --END-- [ RunTime:0.009000s ]
INFO: [ view_filter ] --START--
INFO: Run Behavior\WriteHtmlCacheBehavior [ RunTime:0.001000s ]
INFO: [ view_filter ] --END-- [ RunTime:0.001000s ]
INFO: [ app_end ] --START--
INFO: Run Behavior\ShowPageTraceBehavior [ RunTime:0.002000s ]
INFO: [ app_end ] --END-- [ RunTime:0.002000s ]

[ 2018-01-29T20:01:36+08:00 ] 127.0.0.1 /
INFO: [ app_init ] --START--
INFO: Run Behavior\BuildLiteBehavior [ RunTime:0.000000s ]
INFO: [ app_init ] --END-- [ RunTime:0.000000s ]
INFO: [ app_begin ] --START--
INFO: Run Behavior\ReadHtmlCacheBehavior [ RunTime:0.001000s ]
INFO: [ app_begin ] --END-- [ RunTime:0.001000s ]

[ 2018-01-29T20:27:18+08:00 ] 127.0.0.1 /
INFO: [ app_init ] --START--
INFO: Run Behavior\BuildLiteBehavior [ RunTime:0.000000s ]
INFO: [ app_init ] --END-- [ RunTime:0.001000s ]
INFO: [ app_begin ] --START--
INFO: Run Behavior\ReadHtmlCacheBehavior [ RunTime:0.001001s ]
INFO: [ app_begin ] --END-- [ RunTime:0.001001s ]
SQL: SHOW COLUMNS FROM `war_arm` [ RunTime:0.0070s ]
SQL: INSERT INTO `war_arm` (`arm_name`,`life_attack`,`arch_attack`,`attack_distance`,`defense`,`attack_speed`,`move_speed`,`hp`,`describe`) VALUES ('投石车','50','300','500','10','30','30','1000','投石车适合远距离攻击 对建筑物伤害很大'),('长枪兵','50','20','20','10','60','120','150','长枪兵克制骑兵 但被远程弓箭手克制'),('刀盾兵','30','15','15','20','60','120','200','刀盾兵克制弓箭手 但被骑兵克制'),('弓箭手','50','30','100','5','60','120','80','弓箭手克制无盾牌兵种(新兵和长枪兵) 近身被其他所有兵种克制'),('骑兵','60','40','20','30','60','300','300','骑兵克制所有除长枪兵之外的所有步兵') [ RunTime:0.0600s ]
INFO: [ view_parse ] --START--
INFO: [ template_filter ] --START--
INFO: Run Behavior\ContentReplaceBehavior [ RunTime:0.000000s ]
INFO: [ template_filter ] --END-- [ RunTime:0.000000s ]
INFO: Run Behavior\ParseTemplateBehavior [ RunTime:0.046002s ]
INFO: [ view_parse ] --END-- [ RunTime:0.046002s ]
INFO: [ view_filter ] --START--
INFO: Run Behavior\WriteHtmlCacheBehavior [ RunTime:0.007001s ]
INFO: [ view_filter ] --END-- [ RunTime:0.007001s ]
INFO: [ app_end ] --START--
INFO: Run Behavior\ShowPageTraceBehavior [ RunTime:0.007000s ]
INFO: [ app_end ] --END-- [ RunTime:0.007000s ]

[ 2018-01-29T20:29:45+08:00 ] 127.0.0.1 /
INFO: [ app_init ] --START--
INFO: Run Behavior\BuildLiteBehavior [ RunTime:0.000000s ]
INFO: [ app_init ] --END-- [ RunTime:0.000000s ]
INFO: [ app_begin ] --START--
INFO: Run Behavior\ReadHtmlCacheBehavior [ RunTime:0.001000s ]
INFO: [ app_begin ] --END-- [ RunTime:0.001000s ]
SQL: SHOW COLUMNS FROM `war_arm` [ RunTime:0.0030s ]
SQL: INSERT INTO `war_arm` (`arm_name`,`life_attack`,`arch_attack`,`attack_distance`,`defense`,`attack_speed`,`move_speed`,`hp`,`describe`) VALUES ('投石车','50','300','500','10','30','30','1000','投石车适合远距离攻击 对建筑物伤害很大'),('长枪兵','50','20','20','10','60','120','150','长枪兵克制骑兵 但被远程弓箭手克制'),('刀盾兵','30','15','15','20','60','120','200','刀盾兵克制弓箭手 但被骑兵克制'),('弓箭手','50','30','100','5','60','120','80','弓箭手克制无盾牌兵种(新兵和长枪兵) 近身被其他所有兵种克制'),('骑兵','60','40','20','30','60','300','300','骑兵克制所有除长枪兵之外的所有步兵') [ RunTime:0.0550s ]
INFO: [ view_parse ] --START--
INFO: [ template_filter ] --START--
INFO: Run Behavior\ContentReplaceBehavior [ RunTime:0.000000s ]
INFO: [ template_filter ] --END-- [ RunTime:0.000000s ]
INFO: Run Behavior\ParseTemplateBehavior [ RunTime:0.010000s ]
INFO: [ view_parse ] --END-- [ RunTime:0.010000s ]
INFO: [ view_filter ] --START--
INFO: Run Behavior\WriteHtmlCacheBehavior [ RunTime:0.004000s ]
INFO: [ view_filter ] --END-- [ RunTime:0.005000s ]
INFO: [ app_end ] --START--
INFO: Run Behavior\ShowPageTraceBehavior [ RunTime:0.002001s ]
INFO: [ app_end ] --END-- [ RunTime:0.003001s ]

[ 2018-01-29T20:33:00+08:00 ] 127.0.0.1 /
INFO: [ app_init ] --START--
INFO: Run Behavior\BuildLiteBehavior [ RunTime:0.000000s ]
INFO: [ app_init ] --END-- [ RunTime:0.000000s ]
INFO: [ app_begin ] --START--
INFO: Run Behavior\ReadHtmlCacheBehavior [ RunTime:0.000000s ]
INFO: [ app_begin ] --END-- [ RunTime:0.000000s ]

[ 2018-01-29T20:33:16+08:00 ] 127.0.0.1 /
INFO: [ app_init ] --START--
INFO: Run Behavior\BuildLiteBehavior [ RunTime:0.000000s ]
INFO: [ app_init ] --END-- [ RunTime:0.000000s ]
INFO: [ app_begin ] --START--
INFO: Run Behavior\ReadHtmlCacheBehavior [ RunTime:0.001000s ]
INFO: [ app_begin ] --END-- [ RunTime:0.001000s ]
SQL: SHOW COLUMNS FROM `war_arm` [ RunTime:0.0020s ]
SQL: INSERT INTO `war_arm` (`arm_name`,`life_attack`,`arch_attack`,`attack_distance`,`defense`,`attack_speed`,`move_speed`,`hp`,`describe`) VALUES ('新兵','10','10','10','5','30','60','50','新兵一般作为兵种转化') [ RunTime:0.0530s ]

[ 2018-01-29T20:44:49+08:00 ] 127.0.0.1 /
INFO: [ app_init ] --START--
INFO: Run Behavior\BuildLiteBehavior [ RunTime:0.000000s ]
INFO: [ app_init ] --END-- [ RunTime:0.001000s ]
INFO: [ app_begin ] --START--
INFO: Run Behavior\ReadHtmlCacheBehavior [ RunTime:0.001000s ]
INFO: [ app_begin ] --END-- [ RunTime:0.001000s ]
NOTIC: [2] mt_rand(): max(-1) is smaller than min(0) D:\WWW\mall_game\Application\Util\RndChinaName.class.php 第 81 行.
NOTIC: [2] mt_rand(): max(-1) is smaller than min(0) D:\WWW\mall_game\Application\Util\RndChinaName.class.php 第 88 行.
NOTIC: [2] mt_rand(): max(-1) is smaller than min(0) D:\WWW\mall_game\Application\Util\RndChinaName.class.php 第 88 行.

[ 2018-01-29T20:44:50+08:00 ] 127.0.0.1 /
INFO: [ app_init ] --START--
INFO: Run Behavior\BuildLiteBehavior [ RunTime:0.000000s ]
INFO: [ app_init ] --END-- [ RunTime:0.001000s ]
INFO: [ app_begin ] --START--
INFO: Run Behavior\ReadHtmlCacheBehavior [ RunTime:0.001000s ]
INFO: [ app_begin ] --END-- [ RunTime:0.001000s ]
NOTIC: [2] mt_rand(): max(-1) is smaller than min(0) D:\WWW\mall_game\Application\Util\RndChinaName.class.php 第 81 行.
NOTIC: [2] mt_rand(): max(-1) is smaller than min(0) D:\WWW\mall_game\Application\Util\RndChinaName.class.php 第 88 行.

[ 2018-01-29T20:44:57+08:00 ] 127.0.0.1 /
INFO: [ app_init ] --START--
INFO: Run Behavior\BuildLiteBehavior [ RunTime:0.000000s ]
INFO: [ app_init ] --END-- [ RunTime:0.001000s ]
INFO: [ app_begin ] --START--
INFO: Run Behavior\ReadHtmlCacheBehavior [ RunTime:0.000000s ]
INFO: [ app_begin ] --END-- [ RunTime:0.000000s ]
NOTIC: [2] mt_rand(): max(-1) is smaller than min(0) D:\WWW\mall_game\Application\Util\RndChinaName.class.php 第 81 行.
NOTIC: [2] mt_rand(): max(-1) is smaller than min(0) D:\WWW\mall_game\Application\Util\RndChinaName.class.php 第 88 行.
NOTIC: [2] mt_rand(): max(-1) is smaller than min(0) D:\WWW\mall_game\Application\Util\RndChinaName.class.php 第 88 行.

[ 2018-01-29T20:45:15+08:00 ] 127.0.0.1 /
INFO: [ app_init ] --START--
INFO: Run Behavior\BuildLiteBehavior [ RunTime:0.000000s ]
INFO: [ app_init ] --END-- [ RunTime:0.000000s ]
INFO: [ app_begin ] --START--
INFO: Run Behavior\ReadHtmlCacheBehavior [ RunTime:0.001000s ]
INFO: [ app_begin ] --END-- [ RunTime:0.001000s ]
NOTIC: [2] mt_rand(): max(-1) is smaller than min(0) D:\WWW\mall_game\Application\Util\RndChinaName.class.php 第 81 行.
NOTIC: [2] mt_rand(): max(-1) is smaller than min(0) D:\WWW\mall_game\Application\Util\RndChinaName.class.php 第 88 行.

[ 2018-01-29T20:47:20+08:00 ] 127.0.0.1 /
INFO: [ app_init ] --START--
INFO: Run Behavior\BuildLiteBehavior [ RunTime:0.000000s ]
INFO: [ app_init ] --END-- [ RunTime:0.000000s ]
INFO: [ app_begin ] --START--
INFO: Run Behavior\ReadHtmlCacheBehavior [ RunTime:0.001000s ]
INFO: [ app_begin ] --END-- [ RunTime:0.001000s ]

[ 2018-01-29T20:47:21+08:00 ] 127.0.0.1 /
INFO: [ app_init ] --START--
INFO: Run Behavior\BuildLiteBehavior [ RunTime:0.000000s ]
INFO: [ app_init ] --END-- [ RunTime:0.000000s ]
INFO: [ app_begin ] --START--
INFO: Run Behavior\ReadHtmlCacheBehavior [ RunTime:0.000000s ]
INFO: [ app_begin ] --END-- [ RunTime:0.000000s ]

[ 2018-01-29T20:47:22+08:00 ] 127.0.0.1 /
INFO: [ app_init ] --START--
INFO: Run Behavior\BuildLiteBehavior [ RunTime:0.000000s ]
INFO: [ app_init ] --END-- [ RunTime:0.001000s ]
INFO: [ app_begin ] --START--
INFO: Run Behavior\ReadHtmlCacheBehavior [ RunTime:0.001000s ]
INFO: [ app_begin ] --END-- [ RunTime:0.001000s ]

[ 2018-01-29T20:47:22+08:00 ] 127.0.0.1 /
INFO: [ app_init ] --START--
INFO: Run Behavior\BuildLiteBehavior [ RunTime:0.000000s ]
INFO: [ app_init ] --END-- [ RunTime:0.000000s ]
INFO: [ app_begin ] --START--
INFO: Run Behavior\ReadHtmlCacheBehavior [ RunTime:0.000000s ]
INFO: [ app_begin ] --END-- [ RunTime:0.000000s ]

[ 2018-01-29T20:47:23+08:00 ] 127.0.0.1 /
INFO: [ app_init ] --START--
INFO: Run Behavior\BuildLiteBehavior [ RunTime:0.000000s ]
INFO: [ app_init ] --END-- [ RunTime:0.001001s ]
INFO: [ app_begin ] --START--
INFO: Run Behavior\ReadHtmlCacheBehavior [ RunTime:0.001000s ]
INFO: [ app_begin ] --END-- [ RunTime:0.001000s ]

[ 2018-01-29T20:47:23+08:00 ] 127.0.0.1 /
INFO: [ app_init ] --START--
INFO: Run Behavior\BuildLiteBehavior [ RunTime:0.000000s ]
INFO: [ app_init ] --END-- [ RunTime:0.000000s ]
INFO: [ app_begin ] --START--
INFO: Run Behavior\ReadHtmlCacheBehavior [ RunTime:0.000000s ]
INFO: [ app_begin ] --END-- [ RunTime:0.000000s ]

[ 2018-01-29T20:47:24+08:00 ] 127.0.0.1 /
INFO: [ app_init ] --START--
INFO: Run Behavior\BuildLiteBehavior [ RunTime:0.000000s ]
INFO: [ app_init ] --END-- [ RunTime:0.000000s ]
INFO: [ app_begin ] --START--
INFO: Run Behavior\ReadHtmlCacheBehavior [ RunTime:0.000000s ]
INFO: [ app_begin ] --END-- [ RunTime:0.001000s ]

[ 2018-01-29T20:47:24+08:00 ] 127.0.0.1 /
INFO: [ app_init ] --START--
INFO: Run Behavior\BuildLiteBehavior [ RunTime:0.000000s ]
INFO: [ app_init ] --END-- [ RunTime:0.001000s ]
INFO: [ app_begin ] --START--
INFO: Run Behavior\ReadHtmlCacheBehavior [ RunTime:0.001000s ]
INFO: [ app_begin ] --END-- [ RunTime:0.001000s ]

[ 2018-01-29T20:47:24+08:00 ] 127.0.0.1 /
INFO: [ app_init ] --START--
INFO: Run Behavior\BuildLiteBehavior [ RunTime:0.000000s ]
INFO: [ app_init ] --END-- [ RunTime:0.000000s ]
INFO: [ app_begin ] --START--
INFO: Run Behavior\ReadHtmlCacheBehavior [ RunTime:0.001000s ]
INFO: [ app_begin ] --END-- [ RunTime:0.001000s ]

[ 2018-01-29T20:47:25+08:00 ] 127.0.0.1 /
INFO: [ app_init ] --START--
INFO: Run Behavior\BuildLiteBehavior [ RunTime:0.000000s ]
INFO: [ app_init ] --END-- [ RunTime:0.001001s ]
INFO: [ app_begin ] --START--
INFO: Run Behavior\ReadHtmlCacheBehavior [ RunTime:0.001000s ]
INFO: [ app_begin ] --END-- [ RunTime:0.002000s ]

[ 2018-01-29T20:47:25+08:00 ] 127.0.0.1 /
INFO: [ app_init ] --START--
INFO: Run Behavior\BuildLiteBehavior [ RunTime:0.000000s ]
INFO: [ app_init ] --END-- [ RunTime:0.001000s ]
INFO: [ app_begin ] --START--
INFO: Run Behavior\ReadHtmlCacheBehavior [ RunTime:0.001000s ]
INFO: [ app_begin ] --END-- [ RunTime:0.001000s ]

[ 2018-01-29T20:47:26+08:00 ] 127.0.0.1 /
INFO: [ app_init ] --START--
INFO: Run Behavior\BuildLiteBehavior [ RunTime:0.000000s ]
INFO: [ app_init ] --END-- [ RunTime:0.000000s ]
INFO: [ app_begin ] --START--
INFO: Run Behavior\ReadHtmlCacheBehavior [ RunTime:0.001000s ]
INFO: [ app_begin ] --END-- [ RunTime:0.001000s ]

[ 2018-01-29T20:47:26+08:00 ] 127.0.0.1 /
INFO: [ app_init ] --START--
INFO: Run Behavior\BuildLiteBehavior [ RunTime:0.000000s ]
INFO: [ app_init ] --END-- [ RunTime:0.001001s ]
INFO: [ app_begin ] --START--
INFO: Run Behavior\ReadHtmlCacheBehavior [ RunTime:0.001000s ]
INFO: [ app_begin ] --END-- [ RunTime:0.001000s ]

[ 2018-01-29T20:47:26+08:00 ] 127.0.0.1 /
INFO: [ app_init ] --START--
INFO: Run Behavior\BuildLiteBehavior [ RunTime:0.001000s ]
INFO: [ app_init ] --END-- [ RunTime:0.001000s ]
INFO: [ app_begin ] --START--
INFO: Run Behavior\ReadHtmlCacheBehavior [ RunTime:0.001000s ]
INFO: [ app_begin ] --END-- [ RunTime:0.001000s ]

[ 2018-01-29T20:47:27+08:00 ] 127.0.0.1 /
INFO: [ app_init ] --START--
INFO: Run Behavior\BuildLiteBehavior [ RunTime:0.000000s ]
INFO: [ app_init ] --END-- [ RunTime:0.001000s ]
INFO: [ app_begin ] --START--
INFO: Run Behavior\ReadHtmlCacheBehavior [ RunTime:0.001000s ]
INFO: [ app_begin ] --END-- [ RunTime:0.001000s ]

[ 2018-01-29T20:47:27+08:00 ] 127.0.0.1 /
INFO: [ app_init ] --START--
INFO: Run Behavior\BuildLiteBehavior [ RunTime:0.000000s ]
INFO: [ app_init ] --END-- [ RunTime:0.000000s ]
INFO: [ app_begin ] --START--
INFO: Run Behavior\ReadHtmlCacheBehavior [ RunTime:0.001000s ]
INFO: [ app_begin ] --END-- [ RunTime:0.001000s ]

[ 2018-01-29T20:47:55+08:00 ] 127.0.0.1 /
INFO: [ app_init ] --START--
INFO: Run Behavior\BuildLiteBehavior [ RunTime:0.000000s ]
INFO: [ app_init ] --END-- [ RunTime:0.000000s ]
INFO: [ app_begin ] --START--
INFO: Run Behavior\ReadHtmlCacheBehavior [ RunTime:0.001000s ]
INFO: [ app_begin ] --END-- [ RunTime:0.001000s ]

[ 2018-01-29T20:47:56+08:00 ] 127.0.0.1 /
INFO: [ app_init ] --START--
INFO: Run Behavior\BuildLiteBehavior [ RunTime:0.000000s ]
INFO: [ app_init ] --END-- [ RunTime:0.000000s ]
INFO: [ app_begin ] --START--
INFO: Run Behavior\ReadHtmlCacheBehavior [ RunTime:0.000000s ]
INFO: [ app_begin ] --END-- [ RunTime:0.000000s ]

[ 2018-01-29T20:47:56+08:00 ] 127.0.0.1 /
INFO: [ app_init ] --START--
INFO: Run Behavior\BuildLiteBehavior [ RunTime:0.000000s ]
INFO: [ app_init ] --END-- [ RunTime:0.000000s ]
INFO: [ app_begin ] --START--
INFO: Run Behavior\ReadHtmlCacheBehavior [ RunTime:0.001001s ]
INFO: [ app_begin ] --END-- [ RunTime:0.001001s ]

[ 2018-01-29T20:47:57+08:00 ] 127.0.0.1 /
INFO: [ app_init ] --START--
INFO: Run Behavior\BuildLiteBehavior [ RunTime:0.000000s ]
INFO: [ app_init ] --END-- [ RunTime:0.000000s ]
INFO: [ app_begin ] --START--
INFO: Run Behavior\ReadHtmlCacheBehavior [ RunTime:0.001000s ]
INFO: [ app_begin ] --END-- [ RunTime:0.001000s ]

[ 2018-01-29T20:47:57+08:00 ] 127.0.0.1 /
INFO: [ app_init ] --START--
INFO: Run Behavior\BuildLiteBehavior [ RunTime:0.000000s ]
INFO: [ app_init ] --END-- [ RunTime:0.001001s ]
INFO: [ app_begin ] --START--
INFO: Run Behavior\ReadHtmlCacheBehavior [ RunTime:0.001000s ]
INFO: [ app_begin ] --END-- [ RunTime:0.001000s ]

[ 2018-01-29T20:47:58+08:00 ] 127.0.0.1 /
INFO: [ app_init ] --START--
INFO: Run Behavior\BuildLiteBehavior [ RunTime:0.000000s ]
INFO: [ app_init ] --END-- [ RunTime:0.000000s ]
INFO: [ app_begin ] --START--
INFO: Run Behavior\ReadHtmlCacheBehavior [ RunTime:0.001000s ]
INFO: [ app_begin ] --END-- [ RunTime:0.001000s ]

[ 2018-01-29T20:47:58+08:00 ] 127.0.0.1 /
INFO: [ app_init ] --START--
INFO: Run Behavior\BuildLiteBehavior [ RunTime:0.000000s ]
INFO: [ app_init ] --END-- [ RunTime:0.001000s ]
INFO: [ app_begin ] --START--
INFO: Run Behavior\ReadHtmlCacheBehavior [ RunTime:0.001000s ]
INFO: [ app_begin ] --END-- [ RunTime:0.001000s ]

[ 2018-01-29T20:47:58+08:00 ] 127.0.0.1 /
INFO: [ app_init ] --START--
INFO: Run Behavior\BuildLiteBehavior [ RunTime:0.000000s ]
INFO: [ app_init ] --END-- [ RunTime:0.001000s ]
INFO: [ app_begin ] --START--
INFO: Run Behavior\ReadHtmlCacheBehavior [ RunTime:0.001000s ]
INFO: [ app_begin ] --END-- [ RunTime:0.001000s ]

[ 2018-01-29T20:47:59+08:00 ] 127.0.0.1 /
INFO: [ app_init ] --START--
INFO: Run Behavior\BuildLiteBehavior [ RunTime:0.000000s ]
INFO: [ app_init ] --END-- [ RunTime:0.001000s ]
INFO: [ app_begin ] --START--
INFO: Run Behavior\ReadHtmlCacheBehavior [ RunTime:0.001000s ]
INFO: [ app_begin ] --END-- [ RunTime:0.001000s ]

[ 2018-01-29T20:47:59+08:00 ] 127.0.0.1 /
INFO: [ app_init ] --START--
INFO: Run Behavior\BuildLiteBehavior [ RunTime:0.000000s ]
INFO: [ app_init ] --END-- [ RunTime:0.000000s ]
INFO: [ app_begin ] --START--
INFO: Run Behavior\ReadHtmlCacheBehavior [ RunTime:0.000000s ]
INFO: [ app_begin ] --END-- [ RunTime:0.000000s ]

[ 2018-01-29T20:48:00+08:00 ] 127.0.0.1 /
INFO: [ app_init ] --START--
INFO: Run Behavior\BuildLiteBehavior [ RunTime:0.000000s ]
INFO: [ app_init ] --END-- [ RunTime:0.001000s ]
INFO: [ app_begin ] --START--
INFO: Run Behavior\ReadHtmlCacheBehavior [ RunTime:0.001000s ]
INFO: [ app_begin ] --END-- [ RunTime:0.001000s ]

[ 2018-01-29T20:48:00+08:00 ] 127.0.0.1 /
INFO: [ app_init ] --START--
INFO: Run Behavior\BuildLiteBehavior [ RunTime:0.000000s ]
INFO: [ app_init ] --END-- [ RunTime:0.001000s ]
INFO: [ app_begin ] --START--
INFO: Run Behavior\ReadHtmlCacheBehavior [ RunTime:0.001000s ]
INFO: [ app_begin ] --END-- [ RunTime:0.001000s ]

[ 2018-01-29T20:48:01+08:00 ] 127.0.0.1 /
INFO: [ app_init ] --START--
INFO: Run Behavior\BuildLiteBehavior [ RunTime:0.000000s ]
INFO: [ app_init ] --END-- [ RunTime:0.001000s ]
INFO: [ app_begin ] --START--
INFO: Run Behavior\ReadHtmlCacheBehavior [ RunTime:0.001000s ]
INFO: [ app_begin ] --END-- [ RunTime:0.002000s ]

[ 2018-01-29T20:48:01+08:00 ] 127.0.0.1 /
INFO: [ app_init ] --START--
INFO: Run Behavior\BuildLiteBehavior [ RunTime:0.000000s ]
INFO: [ app_init ] --END-- [ RunTime:0.001000s ]
INFO: [ app_begin ] --START--
INFO: Run Behavior\ReadHtmlCacheBehavior [ RunTime:0.001000s ]
INFO: [ app_begin ] --END-- [ RunTime:0.001000s ]

[ 2018-01-29T20:48:01+08:00 ] 127.0.0.1 /
INFO: [ app_init ] --START--
INFO: Run Behavior\BuildLiteBehavior [ RunTime:0.001000s ]
INFO: [ app_init ] --END-- [ RunTime:0.001000s ]
INFO: [ app_begin ] --START--
INFO: Run Behavior\ReadHtmlCacheBehavior [ RunTime:0.001000s ]
INFO: [ app_begin ] --END-- [ RunTime:0.001000s ]

[ 2018-01-29T20:48:02+08:00 ] 127.0.0.1 /
INFO: [ app_init ] --START--
INFO: Run Behavior\BuildLiteBehavior [ RunTime:0.000000s ]
INFO: [ app_init ] --END-- [ RunTime:0.001000s ]
INFO: [ app_begin ] --START--
INFO: Run Behavior\ReadHtmlCacheBehavior [ RunTime:0.001000s ]
INFO: [ app_begin ] --END-- [ RunTime:0.001000s ]

[ 2018-01-29T20:48:02+08:00 ] 127.0.0.1 /
INFO: [ app_init ] --START--
INFO: Run Behavior\BuildLiteBehavior [ RunTime:0.000000s ]
INFO: [ app_init ] --END-- [ RunTime:0.001000s ]
INFO: [ app_begin ] --START--
INFO: Run Behavior\ReadHtmlCacheBehavior [ RunTime:0.001000s ]
INFO: [ app_begin ] --END-- [ RunTime:0.001000s ]

[ 2018-01-29T20:48:03+08:00 ] 127.0.0.1 /
INFO: [ app_init ] --START--
INFO: Run Behavior\BuildLiteBehavior [ RunTime:0.000000s ]
INFO: [ app_init ] --END-- [ RunTime:0.000000s ]
INFO: [ app_begin ] --START--
INFO: Run Behavior\ReadHtmlCacheBehavior [ RunTime:0.001000s ]
INFO: [ app_begin ] --END-- [ RunTime:0.001000s ]

[ 2018-01-29T20:48:03+08:00 ] 127.0.0.1 /
INFO: [ app_init ] --START--
INFO: Run Behavior\BuildLiteBehavior [ RunTime:0.000000s ]
INFO: [ app_init ] --END-- [ RunTime:0.000000s ]
INFO: [ app_begin ] --START--
INFO: Run Behavior\ReadHtmlCacheBehavior [ RunTime:0.001000s ]
INFO: [ app_begin ] --END-- [ RunTime:0.001000s ]

[ 2018-01-29T20:48:03+08:00 ] 127.0.0.1 /
INFO: [ app_init ] --START--
INFO: Run Behavior\BuildLiteBehavior [ RunTime:0.000000s ]
INFO: [ app_init ] --END-- [ RunTime:0.001001s ]
INFO: [ app_begin ] --START--
INFO: Run Behavior\ReadHtmlCacheBehavior [ RunTime:0.001000s ]
INFO: [ app_begin ] --END-- [ RunTime:0.001000s ]

[ 2018-01-29T20:48:04+08:00 ] 127.0.0.1 /
INFO: [ app_init ] --START--
INFO: Run Behavior\BuildLiteBehavior [ RunTime:0.000000s ]
INFO: [ app_init ] --END-- [ RunTime:0.000000s ]
INFO: [ app_begin ] --START--
INFO: Run Behavior\ReadHtmlCacheBehavior [ RunTime:0.001000s ]
INFO: [ app_begin ] --END-- [ RunTime:0.001000s ]

[ 2018-01-29T20:48:04+08:00 ] 127.0.0.1 /
INFO: [ app_init ] --START--
INFO: Run Behavior\BuildLiteBehavior [ RunTime:0.000000s ]
INFO: [ app_init ] --END-- [ RunTime:0.001000s ]
INFO: [ app_begin ] --START--
INFO: Run Behavior\ReadHtmlCacheBehavior [ RunTime:0.001000s ]
INFO: [ app_begin ] --END-- [ RunTime:0.001000s ]

[ 2018-01-29T20:48:05+08:00 ] 127.0.0.1 /
INFO: [ app_init ] --START--
INFO: Run Behavior\BuildLiteBehavior [ RunTime:0.000000s ]
INFO: [ app_init ] --END-- [ RunTime:0.001000s ]
INFO: [ app_begin ] --START--
INFO: Run Behavior\ReadHtmlCacheBehavior [ RunTime:0.001000s ]
INFO: [ app_begin ] --END-- [ RunTime:0.001000s ]

[ 2018-01-29T20:48:05+08:00 ] 127.0.0.1 /
INFO: [ app_init ] --START--
INFO: Run Behavior\BuildLiteBehavior [ RunTime:0.000000s ]
INFO: [ app_init ] --END-- [ RunTime:0.001000s ]
INFO: [ app_begin ] --START--
INFO: Run Behavior\ReadHtmlCacheBehavior [ RunTime:0.001000s ]
INFO: [ app_begin ] --END-- [ RunTime:0.002000s ]

[ 2018-01-29T20:48:05+08:00 ] 127.0.0.1 /
INFO: [ app_init ] --START--
INFO: Run Behavior\BuildLiteBehavior [ RunTime:0.000000s ]
INFO: [ app_init ] --END-- [ RunTime:0.000000s ]
INFO: [ app_begin ] --START--
INFO: Run Behavior\ReadHtmlCacheBehavior [ RunTime:0.001000s ]
INFO: [ app_begin ] --END-- [ RunTime:0.001000s ]

[ 2018-01-29T20:48:06+08:00 ] 127.0.0.1 /
INFO: [ app_init ] --START--
INFO: Run Behavior\BuildLiteBehavior [ RunTime:0.000000s ]
INFO: [ app_init ] --END-- [ RunTime:0.000000s ]
INFO: [ app_begin ] --START--
INFO: Run Behavior\ReadHtmlCacheBehavior [ RunTime:0.001000s ]
INFO: [ app_begin ] --END-- [ RunTime:0.001000s ]

[ 2018-01-29T20:48:06+08:00 ] 127.0.0.1 /
INFO: [ app_init ] --START--
INFO: Run Behavior\BuildLiteBehavior [ RunTime:0.000000s ]
INFO: [ app_init ] --END-- [ RunTime:0.000000s ]
INFO: [ app_begin ] --START--
INFO: Run Behavior\ReadHtmlCacheBehavior [ RunTime:0.001000s ]
INFO: [ app_begin ] --END-- [ RunTime:0.001000s ]

[ 2018-01-29T20:48:13+08:00 ] 127.0.0.1 /
INFO: [ app_init ] --START--
INFO: Run Behavior\BuildLiteBehavior [ RunTime:0.000000s ]
INFO: [ app_init ] --END-- [ RunTime:0.001000s ]
INFO: [ app_begin ] --START--
INFO: Run Behavior\ReadHtmlCacheBehavior [ RunTime:0.001000s ]
INFO: [ app_begin ] --END-- [ RunTime:0.001000s ]

[ 2018-01-29T20:48:14+08:00 ] 127.0.0.1 /
INFO: [ app_init ] --START--
INFO: Run Behavior\BuildLiteBehavior [ RunTime:0.000000s ]
INFO: [ app_init ] --END-- [ RunTime:0.001000s ]
INFO: [ app_begin ] --START--
INFO: Run Behavior\ReadHtmlCacheBehavior [ RunTime:0.001000s ]
INFO: [ app_begin ] --END-- [ RunTime:0.001000s ]

[ 2018-01-29T20:48:14+08:00 ] 127.0.0.1 /
INFO: [ app_init ] --START--
INFO: Run Behavior\BuildLiteBehavior [ RunTime:0.000000s ]
INFO: [ app_init ] --END-- [ RunTime:0.000000s ]
INFO: [ app_begin ] --START--
INFO: Run Behavior\ReadHtmlCacheBehavior [ RunTime:0.000000s ]
INFO: [ app_begin ] --END-- [ RunTime:0.000000s ]

[ 2018-01-29T20:48:14+08:00 ] 127.0.0.1 /
INFO: [ app_init ] --START--
INFO: Run Behavior\BuildLiteBehavior [ RunTime:0.000000s ]
INFO: [ app_init ] --END-- [ RunTime:0.000000s ]
INFO: [ app_begin ] --START--
INFO: Run Behavior\ReadHtmlCacheBehavior [ RunTime:0.001000s ]
INFO: [ app_begin ] --END-- [ RunTime:0.001000s ]

[ 2018-01-29T20:48:14+08:00 ] 127.0.0.1 /
INFO: [ app_init ] --START--
INFO: Run Behavior\BuildLiteBehavior [ RunTime:0.000000s ]
INFO: [ app_init ] --END-- [ RunTime:0.000000s ]
INFO: [ app_begin ] --START--
INFO: Run Behavior\ReadHtmlCacheBehavior [ RunTime:0.001000s ]
INFO: [ app_begin ] --END-- [ RunTime:0.001000s ]

[ 2018-01-29T20:48:15+08:00 ] 127.0.0.1 /
INFO: [ app_init ] --START--
INFO: Run Behavior\BuildLiteBehavior [ RunTime:0.000000s ]
INFO: [ app_init ] --END-- [ RunTime:0.001000s ]
INFO: [ app_begin ] --START--
INFO: Run Behavior\ReadHtmlCacheBehavior [ RunTime:0.001000s ]
INFO: [ app_begin ] --END-- [ RunTime:0.001000s ]

[ 2018-01-29T20:48:15+08:00 ] 127.0.0.1 /
INFO: [ app_init ] --START--
INFO: Run Behavior\BuildLiteBehavior [ RunTime:0.000000s ]
INFO: [ app_init ] --END-- [ RunTime:0.001000s ]
INFO: [ app_begin ] --START--
INFO: Run Behavior\ReadHtmlCacheBehavior [ RunTime:0.001001s ]
INFO: [ app_begin ] --END-- [ RunTime:0.001001s ]

[ 2018-01-29T20:48:19+08:00 ] 127.0.0.1 /
INFO: [ app_init ] --START--
INFO: Run Behavior\BuildLiteBehavior [ RunTime:0.000000s ]
INFO: [ app_init ] --END-- [ RunTime:0.001000s ]
INFO: [ app_begin ] --START--
INFO: Run Behavior\ReadHtmlCacheBehavior [ RunTime:0.001000s ]
INFO: [ app_begin ] --END-- [ RunTime:0.001000s ]

[ 2018-01-29T20:48:19+08:00 ] 127.0.0.1 /
INFO: [ app_init ] --START--
INFO: Run Behavior\BuildLiteBehavior [ RunTime:0.000000s ]
INFO: [ app_init ] --END-- [ RunTime:0.000000s ]
INFO: [ app_begin ] --START--
INFO: Run Behavior\ReadHtmlCacheBehavior [ RunTime:0.001000s ]
INFO: [ app_begin ] --END-- [ RunTime:0.001000s ]

[ 2018-01-29T20:48:19+08:00 ] 127.0.0.1 /
INFO: [ app_init ] --START--
INFO: Run Behavior\BuildLiteBehavior [ RunTime:0.000000s ]
INFO: [ app_init ] --END-- [ RunTime:0.001000s ]
INFO: [ app_begin ] --START--
INFO: Run Behavior\ReadHtmlCacheBehavior [ RunTime:0.001000s ]
INFO: [ app_begin ] --END-- [ RunTime:0.001000s ]

[ 2018-01-29T20:48:19+08:00 ] 127.0.0.1 /
INFO: [ app_init ] --START--
INFO: Run Behavior\BuildLiteBehavior [ RunTime:0.000000s ]
INFO: [ app_init ] --END-- [ RunTime:0.000000s ]
INFO: [ app_begin ] --START--
INFO: Run Behavior\ReadHtmlCacheBehavior [ RunTime:0.001000s ]
INFO: [ app_begin ] --END-- [ RunTime:0.001000s ]

[ 2018-01-29T20:48:19+08:00 ] 127.0.0.1 /
INFO: [ app_init ] --START--
INFO: Run Behavior\BuildLiteBehavior [ RunTime:0.000000s ]
INFO: [ app_init ] --END-- [ RunTime:0.001000s ]
INFO: [ app_begin ] --START--
INFO: Run Behavior\ReadHtmlCacheBehavior [ RunTime:0.001000s ]
INFO: [ app_begin ] --END-- [ RunTime:0.001000s ]

[ 2018-01-29T20:48:20+08:00 ] 127.0.0.1 /
INFO: [ app_init ] --START--
INFO: Run Behavior\BuildLiteBehavior [ RunTime:0.000000s ]
INFO: [ app_init ] --END-- [ RunTime:0.001000s ]
INFO: [ app_begin ] --START--
INFO: Run Behavior\ReadHtmlCacheBehavior [ RunTime:0.001000s ]
INFO: [ app_begin ] --END-- [ RunTime:0.001000s ]

[ 2018-01-29T20:48:20+08:00 ] 127.0.0.1 /
INFO: [ app_init ] --START--
INFO: Run Behavior\BuildLiteBehavior [ RunTime:0.000000s ]
INFO: [ app_init ] --END-- [ RunTime:0.000000s ]
INFO: [ app_begin ] --START--
INFO: Run Behavior\ReadHtmlCacheBehavior [ RunTime:0.001000s ]
INFO: [ app_begin ] --END-- [ RunTime:0.001000s ]

[ 2018-01-29T20:48:20+08:00 ] 127.0.0.1 /
INFO: [ app_init ] --START--
INFO: Run Behavior\BuildLiteBehavior [ RunTime:0.000000s ]
INFO: [ app_init ] --END-- [ RunTime:0.000000s ]
INFO: [ app_begin ] --START--
INFO: Run Behavior\ReadHtmlCacheBehavior [ RunTime:0.001000s ]
INFO: [ app_begin ] --END-- [ RunTime:0.001000s ]

[ 2018-01-29T20:48:20+08:00 ] 127.0.0.1 /
INFO: [ app_init ] --START--
INFO: Run Behavior\BuildLiteBehavior [ RunTime:0.000000s ]
INFO: [ app_init ] --END-- [ RunTime:0.000000s ]
INFO: [ app_begin ] --START--
INFO: Run Behavior\ReadHtmlCacheBehavior [ RunTime:0.001000s ]
INFO: [ app_begin ] --END-- [ RunTime:0.001000s ]

[ 2018-01-29T20:48:20+08:00 ] 127.0.0.1 /
INFO: [ app_init ] --START--
INFO: Run Behavior\BuildLiteBehavior [ RunTime:0.000000s ]
INFO: [ app_init ] --END-- [ RunTime:0.001000s ]
INFO: [ app_begin ] --START--
INFO: Run Behavior\ReadHtmlCacheBehavior [ RunTime:0.001000s ]
INFO: [ app_begin ] --END-- [ RunTime:0.001000s ]

[ 2018-01-29T20:48:20+08:00 ] 127.0.0.1 /
INFO: [ app_init ] --START--
INFO: Run Behavior\BuildLiteBehavior [ RunTime:0.000000s ]
INFO: [ app_init ] --END-- [ RunTime:0.001001s ]
INFO: [ app_begin ] --START--
INFO: Run Behavior\ReadHtmlCacheBehavior [ RunTime:0.001000s ]
INFO: [ app_begin ] --END-- [ RunTime:0.001000s ]

[ 2018-01-29T20:48:21+08:00 ] 127.0.0.1 /
INFO: [ app_init ] --START--
INFO: Run Behavior\BuildLiteBehavior [ RunTime:0.000000s ]
INFO: [ app_init ] --END-- [ RunTime:0.001000s ]
INFO: [ app_begin ] --START--
INFO: Run Behavior\ReadHtmlCacheBehavior [ RunTime:0.001000s ]
INFO: [ app_begin ] --END-- [ RunTime:0.001000s ]

[ 2018-01-29T20:48:21+08:00 ] 127.0.0.1 /
INFO: [ app_init ] --START--
INFO: Run Behavior\BuildLiteBehavior [ RunTime:0.000000s ]
INFO: [ app_init ] --END-- [ RunTime:0.001000s ]
INFO: [ app_begin ] --START--
INFO: Run Behavior\ReadHtmlCacheBehavior [ RunTime:0.001000s ]
INFO: [ app_begin ] --END-- [ RunTime:0.001000s ]

[ 2018-01-29T20:48:34+08:00 ] 127.0.0.1 /
INFO: [ app_init ] --START--
INFO: Run Behavior\BuildLiteBehavior [ RunTime:0.000000s ]
INFO: [ app_init ] --END-- [ RunTime:0.001000s ]
INFO: [ app_begin ] --START--
INFO: Run Behavior\ReadHtmlCacheBehavior [ RunTime:0.001001s ]
INFO: [ app_begin ] --END-- [ RunTime:0.001001s ]

[ 2018-01-29T20:48:35+08:00 ] 127.0.0.1 /
INFO: [ app_init ] --START--
INFO: Run Behavior\BuildLiteBehavior [ RunTime:0.000000s ]
INFO: [ app_init ] --END-- [ RunTime:0.001000s ]
INFO: [ app_begin ] --START--
INFO: Run Behavior\ReadHtmlCacheBehavior [ RunTime:0.001000s ]
INFO: [ app_begin ] --END-- [ RunTime:0.001000s ]

[ 2018-01-29T20:48:35+08:00 ] 127.0.0.1 /
INFO: [ app_init ] --START--
INFO: Run Behavior\BuildLiteBehavior [ RunTime:0.000000s ]
INFO: [ app_init ] --END-- [ RunTime:0.001000s ]
INFO: [ app_begin ] --START--
INFO: Run Behavior\ReadHtmlCacheBehavior [ RunTime:0.001000s ]
INFO: [ app_begin ] --END-- [ RunTime:0.001000s ]

[ 2018-01-29T20:48:35+08:00 ] 127.0.0.1 /
INFO: [ app_init ] --START--
INFO: Run Behavior\BuildLiteBehavior [ RunTime:0.000000s ]
INFO: [ app_init ] --END-- [ RunTime:0.000000s ]
INFO: [ app_begin ] --START--
INFO: Run Behavior\ReadHtmlCacheBehavior [ RunTime:0.000000s ]
INFO: [ app_begin ] --END-- [ RunTime:0.000000s ]

[ 2018-01-29T20:48:35+08:00 ] 127.0.0.1 /
INFO: [ app_init ] --START--
INFO: Run Behavior\BuildLiteBehavior [ RunTime:0.000000s ]
INFO: [ app_init ] --END-- [ RunTime:0.000000s ]
INFO: [ app_begin ] --START--
INFO: Run Behavior\ReadHtmlCacheBehavior [ RunTime:0.000000s ]
INFO: [ app_begin ] --END-- [ RunTime:0.000000s ]

[ 2018-01-29T20:48:36+08:00 ] 127.0.0.1 /
INFO: [ app_init ] --START--
INFO: Run Behavior\BuildLiteBehavior [ RunTime:0.000000s ]
INFO: [ app_init ] --END-- [ RunTime:0.001000s ]
INFO: [ app_begin ] --START--
INFO: Run Behavior\ReadHtmlCacheBehavior [ RunTime:0.000000s ]
INFO: [ app_begin ] --END-- [ RunTime:0.000000s ]

[ 2018-01-29T20:48:36+08:00 ] 127.0.0.1 /
INFO: [ app_init ] --START--
INFO: Run Behavior\BuildLiteBehavior [ RunTime:0.001000s ]
INFO: [ app_init ] --END-- [ RunTime:0.001000s ]
INFO: [ app_begin ] --START--
INFO: Run Behavior\ReadHtmlCacheBehavior [ RunTime:0.000000s ]
INFO: [ app_begin ] --END-- [ RunTime:0.001001s ]

[ 2018-01-29T20:48:44+08:00 ] 127.0.0.1 /
INFO: [ app_init ] --START--
INFO: Run Behavior\BuildLiteBehavior [ RunTime:0.000000s ]
INFO: [ app_init ] --END-- [ RunTime:0.000000s ]
INFO: [ app_begin ] --START--
INFO: Run Behavior\ReadHtmlCacheBehavior [ RunTime:0.001000s ]
INFO: [ app_begin ] --END-- [ RunTime:0.001000s ]

[ 2018-01-29T20:48:44+08:00 ] 127.0.0.1 /
INFO: [ app_init ] --START--
INFO: Run Behavior\BuildLiteBehavior [ RunTime:0.000000s ]
INFO: [ app_init ] --END-- [ RunTime:0.000000s ]
INFO: [ app_begin ] --START--
INFO: Run Behavior\ReadHtmlCacheBehavior [ RunTime:0.001000s ]
INFO: [ app_begin ] --END-- [ RunTime:0.001000s ]

[ 2018-01-29T20:48:44+08:00 ] 127.0.0.1 /
INFO: [ app_init ] --START--
INFO: Run Behavior\BuildLiteBehavior [ RunTime:0.000000s ]
INFO: [ app_init ] --END-- [ RunTime:0.001000s ]
INFO: [ app_begin ] --START--
INFO: Run Behavior\ReadHtmlCacheBehavior [ RunTime:0.001000s ]
INFO: [ app_begin ] --END-- [ RunTime:0.001000s ]

[ 2018-01-29T20:48:44+08:00 ] 127.0.0.1 /
INFO: [ app_init ] --START--
INFO: Run Behavior\BuildLiteBehavior [ RunTime:0.000000s ]
INFO: [ app_init ] --END-- [ RunTime:0.001000s ]
INFO: [ app_begin ] --START--
INFO: Run Behavior\ReadHtmlCacheBehavior [ RunTime:0.001000s ]
INFO: [ app_begin ] --END-- [ RunTime:0.001000s ]

[ 2018-01-29T21:00:37+08:00 ] 127.0.0.1 /
INFO: [ app_init ] --START--
INFO: Run Behavior\BuildLiteBehavior [ RunTime:0.000000s ]
INFO: [ app_init ] --END-- [ RunTime:0.001000s ]
INFO: [ app_begin ] --START--
INFO: Run Behavior\ReadHtmlCacheBehavior [ RunTime:0.001000s ]
INFO: [ app_begin ] --END-- [ RunTime:0.001000s ]
SQL: SHOW COLUMNS FROM `war_arm` [ RunTime:0.0610s ]
SQL: INSERT INTO `war_arm` (`arch_attack`,`life_attack`,`attack_distance`,`defense`,`move_speed`,`attack_speed`) VALUES ('10','16','4','6','6','6'),('8','9','15','7','7','7'),('5','6','18','1','1','1'),('7','12','6','8','8','8'),('14','11','7','5','5','5'),('2','9','21','2','2','2'),('19','14','24','10','10','10'),('7','9','14','2','2','2'),('2','8','23','6','6','6'),('5','4','9','0','0','0'),('7','9','4','4','4','4'),('16','2','1','8','8','8'),('16','13','7','6','6','6'),('3','8','16','3','3','3'),('10','10','7','7','7','7'),('14','9','21','6','6','6'),('11','5','14','4','4','4'),('16','14','23','9','9','9'),('4','1','21','8','8','8'),('5','2','15','0','0','0'),('0','11','4','7','7','7'),('18','13','7','8','8','8'),('19','3','25','10','10','10'),('6','9','4','0','0','0'),('2','6','1','5','5','5'),('2','2','8','9','9','9'),('5','5','5','0','0','0'),('1','7','0','1','1','1'),('13','16','19','6','6','6'),('0','12','9','3','3','3'),('9','2','6','4','4','4'),('9','4','13','2','2','2'),('3','5','2','9','9','9'),('2','9','21','9','9','9'),('2','16','15','10','10','10'),('8','3','20','9','9','9'),('0','6','13','0','0','0'),('4','14','23','7','7','7'),('10','8','7','10','10','10'),('17','17','21','10','10','10'),('6','8','8','1','1','1'),('11','7','22','6','6','6'),('9','7','4','2','2','2'),('1','5','9','0','0','0'),('9','2','21','9','9','9'),('5','4','8','7','7','7'),('2','6','12','1','1','1'),('16','20','10','10','10','10'),('0','7','14','1','1','1'),('7','14','10','7','7','7'),('1','12','2','6','6','6'),('13','6','2','3','3','3'),('15','8','19','7','7','7'),('20','20','19','10','10','10'),('13','6','29','9','9','9'),('3','6','3','0','0','0'),('4','8','19','5','5','5'),('2','3','2','0','0','0'),('19','17','28','9','9','9'),('12','11','9','5','5','5'),('13','3','7','3','3','3'),('13','10','11','3','3','3'),('8','10','6','8','8','8'),('2','9','1','9','9','9'),('1','4','8','1','1','1'),('10','11','19','4','4','4'),('2','15','15','7','7','7'),('4','1','0','4','4','4'),('8','4','9','5','5','5'),('2','4','16','6','6','6'),('8','18','2','8','8','8'),('11','3','14','1','1','1'),('6','14','6','6','6','6'),('11','12','2','5','5','5'),('6','8','17','9','9','9'),('3','4','20','6','6','6'),('6','7','16','10','10','10'),('2','4','20','4','4','4'),('4','4','6','4','4','4'),('12','14','21','8','8','8'),('12','12','4','8','8','8'),('19','5','26','10','10','10'),('3','3','18','2','2','2'),('3','0','7','0','0','0'),('1','2','16','6','6','6'),('13','10','21','5','5','5'),('13','5','13','6','6','6'),('12','11','1','4','4','4'),('11','9','21','4','4','4'),('2','15','22','7','7','7'),('11','2','0','4','4','4'),('4','2','14','3','3','3'),('10','8','9','9','9','9'),('15','18','11','8','8','8'),('7','8','12','0','0','0'),('7','17','11','8','8','8'),('6','5','1','2','2','2'),('2','5','17','4','4','4'),('7','11','22','3','3','3'),('0','4','4','2','2','2'),('8','17','13','8','8','8'),('17','1','7','8','8','8'),('11','6','7','5','5','5'),('17','1','12','7','7','7'),('10','16','15','9','9','9'),('11','10','7','8','8','8'),('4','1','8','5','5','5'),('3','6','25','6','6','6'),('6','4','15','0','0','0'),('14','11','5','4','4','4'),('11','16','8','6','6','6'),('7','18','0','9','9','9'),('9','8','0','3','3','3'),('5','1','6','6','6','6'),('16','12','26','8','8','8'),('5','10','10','0','0','0'),('8','9','21','3','3','3'),('8','9','23','4','4','4'),('3','3','9','3','3','3'),('3','3','17','1','1','1'),('7','6','6','1','1','1'),('0','14','11','7','7','7'),('19','5','14','10','10','10'),('12','15','18','5','5','5'),('6','6','17','4','4','4'),('8','9','5','5','5','5'),('3','10','7','1','1','1'),('6','9','13','1','1','1'),('2','3','2','1','1','1'),('7','7','13','7','7','7'),('5','13','21','8','8','8'),('11','15','7','5','5','5'),('7','4','19','0','0','0'),('9','4','20','4','4','4'),('4','8','18','0','0','0'),('14','4','3','6','6','6'),('1','7','3','0','0','0'),('5','10','6','4','4','4'),('13','14','14','10','10','10'),('1','18','30','10','10','10'),('3','8','8','10','10','10'),('11','11','14','10','10','10'),('8','9','20','7','7','7'),('14','7','3','4','4','4'),('1','7','7','7','7','7'),('9','5','12','6','6','6'),('10','12','9','2','2','2'),('9','5','13','5','5','5'),('12','2','16','10','10','10'),('2','0','26','8','8','8'),('2','18','19','8','8','8'),('8','1','9','2','2','2'),('16','5','3','8','8','8'),('7','1','17','0','0','0'),('6','3','7','3','3','3'),('0','1','14','0','0','0'),('12','6','12','7','7','7'),('1','10','25','7','7','7'),('2','10','10','1','1','1'),('11','0','19','8','8','8'),('6','1','15','10','10','10'),('9','12','4','4','4','4'),('5','5','19','1','1','1'),('2','0','5','1','1','1'),('3','8','16','0','0','0'),('2','13','5','4','4','4'),('7','15','21','5','5','5'),('12','17','21','10','10','10'),('0','4','3','1','1','1'),('0','2','4','5','5','5'),('5','1','22','2','2','2'),('14','13','24','7','7','7'),('2','4','6','7','7','7'),('1','13','16','8','8','8'),('10','16','14','6','6','6'),('6','5','4','3','3','3'),('17','2','26','10','10','10'),('14','19','18','10','10','10'),('2','1','6','5','5','5'),('7','0','9','3','3','3'),('13','6','14','4','4','4'),('9','12','18','4','4','4'),('5','8','7','2','2','2'),('14','7','25','7','7','7'),('6','12','7','2','2','2'),('5','15','5','8','8','8'),('6','2','13','6','6','6'),('5','13','16','9','9','9'),('7','2','17','10','10','10'),('6','11','10','1','1','1'),('6','8','19','0','0','0'),('9','12','19','9','9','9'),('13','12','8','7','7','7'),('10','9','17','4','4','4'),('13','0','10','3','3','3'),('7','4','1','1','1','1'),('3','0','20','0','0','0'),('10','15','14','8','8','8'),('18','0','4','9','9','9'),('3','13','3','6','6','6') [ RunTime:0.0790s ]
INFO: [ view_parse ] --START--
INFO: [ template_filter ] --START--
INFO: Run Behavior\ContentReplaceBehavior [ RunTime:0.001000s ]
INFO: [ template_filter ] --END-- [ RunTime:0.001000s ]
INFO: Run Behavior\ParseTemplateBehavior [ RunTime:0.076004s ]
INFO: [ view_parse ] --END-- [ RunTime:0.077004s ]
INFO: [ view_filter ] --START--
INFO: Run Behavior\WriteHtmlCacheBehavior [ RunTime:0.028002s ]
INFO: [ view_filter ] --END-- [ RunTime:0.029002s ]
INFO: [ app_end ] --START--
INFO: Run Behavior\ShowPageTraceBehavior [ RunTime:0.005000s ]
INFO: [ app_end ] --END-- [ RunTime:0.005000s ]

[ 2018-01-29T21:01:33+08:00 ] 127.0.0.1 /
INFO: [ app_init ] --START--
INFO: Run Behavior\BuildLiteBehavior [ RunTime:0.000000s ]
INFO: [ app_init ] --END-- [ RunTime:0.001000s ]
INFO: [ app_begin ] --START--
INFO: Run Behavior\ReadHtmlCacheBehavior [ RunTime:0.001001s ]
INFO: [ app_begin ] --END-- [ RunTime:0.001001s ]
SQL: SHOW COLUMNS FROM `war_arm` [ RunTime:0.0020s ]
SQL: INSERT INTO `war_arm` (`arm_name`,`life_attack`,`arch_attack`,`attack_distance`,`defense`,`attack_speed`,`move_speed`,`hp`,`describe`) VALUES ('新兵','10','10','10','5','30','60','50','新兵一般作为兵种转化'),('投石车','50','300','500','10','30','30','1000','投石车适合远距离攻击 对建筑物伤害很大'),('长枪兵','50','20','20','10','60','120','150','长枪兵克制骑兵 但被远程弓箭手克制'),('刀盾兵','30','15','15','20','60','120','200','刀盾兵克制弓箭手 但被骑兵克制'),('弓箭手','50','30','100','5','60','120','80','弓箭手克制无盾牌兵种(新兵和长枪兵) 近身被其他所有兵种克制'),('骑兵','60','40','20','30','60','300','300','骑兵克制所有除长枪兵之外的所有步兵') [ RunTime:0.0420s ]
INFO: [ view_parse ] --START--
INFO: [ template_filter ] --START--
INFO: Run Behavior\ContentReplaceBehavior [ RunTime:0.000000s ]
INFO: [ template_filter ] --END-- [ RunTime:0.000000s ]
INFO: Run Behavior\ParseTemplateBehavior [ RunTime:0.013001s ]
INFO: [ view_parse ] --END-- [ RunTime:0.013001s ]
INFO: [ view_filter ] --START--
INFO: Run Behavior\WriteHtmlCacheBehavior [ RunTime:0.002000s ]
INFO: [ view_filter ] --END-- [ RunTime:0.002000s ]
INFO: [ app_end ] --START--
INFO: Run Behavior\ShowPageTraceBehavior [ RunTime:0.003000s ]
INFO: [ app_end ] --END-- [ RunTime:0.003000s ]

[ 2018-01-29T21:01:54+08:00 ] 127.0.0.1 /
INFO: [ app_init ] --START--
INFO: Run Behavior\BuildLiteBehavior [ RunTime:0.000000s ]
INFO: [ app_init ] --END-- [ RunTime:0.000000s ]
INFO: [ app_begin ] --START--
INFO: Run Behavior\ReadHtmlCacheBehavior [ RunTime:0.000000s ]
INFO: [ app_begin ] --END-- [ RunTime:0.000000s ]
SQL: SHOW COLUMNS FROM `war_general` [ RunTime:0.0030s ]
SQL: INSERT INTO `war_general` (`general_name`,`player_id`,`arch_attack`,`life_attack`,`attack_distance`,`defense`,`move_speed`,`attack_speed`,`level`,`experience`,`profile`,`status`,`news`,`wages`,`loyalty`) VALUES ('舒心','0','3','0','11','0','0','0','0','0','','2','','0','96'),('舒心','0','11','1','27','9','9','9','9','900','','2','','9','1'),('舒心','0','7','6','21','4','4','4','4','400','','2','','4','92'),('舒心','0','8','18','19','8','8','8','8','800','','2','','8','14'),('舒心','0','7','14','13','4','4','4','4','400','','2','','4','28'),('舒心','0','9','5','18','10','10','10','10','1000','','2','','10','50'),('舒心','0','2','3','17','4','4','4','4','400','','2','','4','56'),('舒心','0','13','11','2','6','6','6','6','600','','2','','6','35'),('舒心','0','11','8','18','1','1','1','1','100','','2','','1','72'),('舒心','0','12','16','16','8','8','8','8','800','','2','','8','55'),('舒心','0','15','2','13','7','7','7','7','700','','2','','7','93'),('舒心','0','6','1','4','5','5','5','5','500','','2','','5','28'),('舒心','0','11','11','28','8','8','8','8','800','','2','','8','34'),('舒心','0','15','15','12','5','5','5','5','500','','2','','5','87'),('舒心','0','0','2','9','5','5','5','5','500','','2','','5','85'),('舒心','0','14','0','7','6','6','6','6','600','','2','','6','41'),('舒心','0','8','8','24','6','6','6','6','600','','2','','6','78'),('舒心','0','15','17','11','9','9','9','9','900','','2','','9','67'),('舒心','0','13','17','1','8','8','8','8','800','','2','','8','68'),('舒心','0','3','7','6','2','2','2','2','200','','2','','2','70'),('舒心','0','4','8','1','0','0','0','0','0','','2','','0','9'),('舒心','0','9','7','19','0','0','0','0','0','','2','','0','68'),('舒心','0','5','9','23','8','8','8','8','800','','2','','8','25'),('舒心','0','3','8','11','3','3','3','3','300','','2','','3','62'),('舒心','0','7','2','11','2','2','2','2','200','','2','','2','89'),('舒心','0','12','15','4','9','9','9','9','900','','2','','9','12'),('舒心','0','12','7','8','4','4','4','4','400','','2','','4','93'),('舒心','0','14','2','19','5','5','5','5','500','','2','','5','13'),('舒心','0','14','3','17','9','9','9','9','900','','2','','9','26'),('舒心','0','13','2','17','5','5','5','5','500','','2','','5','71'),('舒心','0','8','10','18','0','0','0','0','0','','2','','0','53'),('舒心','0','13','1','11','7','7','7','7','700','','2','','7','73'),('舒心','0','0','9','9','9','9','9','9','900','','2','','9','81'),('舒心','0','17','5','16','7','7','7','7','700','','2','','7','66'),('舒心','0','15','9','2','5','5','5','5','500','','2','','5','41'),('舒心','0','11','7','7','2','2','2','2','200','','2','','2','35'),('舒心','0','4','11','6','10','10','10','10','1000','','2','','10','62'),('舒心','0','11','2','12','5','5','5','5','500','','2','','5','70'),('舒心','0','0','5','5','1','1','1','1','100','','2','','1','41'),('舒心','0','0','4','19','2','2','2','2','200','','2','','2','48'),('舒心','0','6','1','4','1','1','1','1','100','','2','','1','28'),('舒心','0','10','4','12','9','9','9','9','900','','2','','9','3'),('舒心','0','16','0','2','7','7','7','7','700','','2','','7','89'),('舒心','0','1','6','16','0','0','0','0','0','','2','','0','8'),('舒心','0','7','7','15','0','0','0','0','0','','2','','0','90'),('舒心','0','4','9','2','9','9','9','9','900','','2','','9','40'),('舒心','0','0','9','20','7','7','7','7','700','','2','','7','67'),('舒心','0','15','0','15','8','8','8','8','800','','2','','8','63'),('舒心','0','17','18','25','9','9','9','9','900','','2','','9','5'),('舒心','0','1','4','11','3','3','3','3','300','','2','','3','0'),('舒心','0','6','10','0','8','8','8','8','800','','2','','8','11'),('舒心','0','4','18','26','9','9','9','9','900','','2','','9','8'),('舒心','0','9','3','19','0','0','0','0','0','','2','','0','86'),('舒心','0','0','10','5','3','3','3','3','300','','2','','3','56'),('舒心','0','5','1','1','4','4','4','4','400','','2','','4','4'),('舒心','0','11','11','4','1','1','1','1','100','','2','','1','93'),('舒心','0','14','10','0','7','7','7','7','700','','2','','7','89'),('舒心','0','7','5','12','7','7','7','7','700','','2','','7','30'),('舒心','0','1','12','15','4','4','4','4','400','','2','','4','83'),('舒心','0','0','4','7','2','2','2','2','200','','2','','2','12'),('舒心','0','7','2','14','5','5','5','5','500','','2','','5','25'),('舒心','0','0','14','18','6','6','6','6','600','','2','','6','94'),('舒心','0','11','9','21','1','1','1','1','100','','2','','1','28'),('舒心','0','1','8','12','0','0','0','0','0','','2','','0','12'),('舒心','0','0','13','12','5','5','5','5','500','','2','','5','53'),('舒心','0','4','18','2','9','9','9','9','900','','2','','9','69'),('舒心','0','13','10','19','5','5','5','5','500','','2','','5','78'),('舒心','0','2','6','18','0','0','0','0','0','','2','','0','93'),('舒心','0','4','0','6','3','3','3','3','300','','2','','3','82'),('舒心','0','13','7','5','5','5','5','5','500','','2','','5','27'),('舒心','0','6','8','5','7','7','7','7','700','','2','','7','14'),('舒心','0','1','4','11','2','2','2','2','200','','2','','2','98'),('舒心','0','4','5','19','0','0','0','0','0','','2','','0','72'),('舒心','0','4','14','4','4','4','4','4','400','','2','','4','91'),('舒心','0','6','14','1','6','6','6','6','600','','2','','6','73'),('舒心','0','7','4','6','0','0','0','0','0','','2','','0','25'),('舒心','0','1','7','21','2','2','2','2','200','','2','','2','32'),('舒心','0','5','6','15','7','7','7','7','700','','2','','7','31'),('舒心','0','7','14','14','7','7','7','7','700','','2','','7','37'),('舒心','0','9','6','16','4','4','4','4','400','','2','','4','22'),('舒心','0','12','4','5','10','10','10','10','1000','','2','','10','21'),('舒心','0','3','1','9','1','1','1','1','100','','2','','1','71'),('舒心','0','7','0','8','7','7','7','7','700','','2','','7','42'),('舒心','0','0','11','10','9','9','9','9','900','','2','','9','86'),('舒心','0','12','13','6','9','9','9','9','900','','2','','9','50'),('舒心','0','2','5','13','10','10','10','10','1000','','2','','10','82'),('舒心','0','17','11','20','9','9','9','9','900','','2','','9','72'),('舒心','0','7','9','19','4','4','4','4','400','','2','','4','62'),('舒心','0','4','9','19','0','0','0','0','0','','2','','0','77'),('舒心','0','2','4','19','10','10','10','10','1000','','2','','10','86'),('舒心','0','10','0','7','3','3','3','3','300','','2','','3','60'),('舒心','0','0','12','19','4','4','4','4','400','','2','','4','48'),('舒心','0','6','0','18','0','0','0','0','0','','2','','0','11'),('舒心','0','0','11','13','1','1','1','1','100','','2','','1','54'),('舒心','0','5','6','9','1','1','1','1','100','','2','','1','93'),('舒心','0','7','17','19','9','9','9','9','900','','2','','9','91'),('舒心','0','5','0','20','0','0','0','0','0','','2','','0','12'),('舒心','0','5','12','11','3','3','3','3','300','','2','','3','8'),('舒心','0','1','8','17','3','3','3','3','300','','2','','3','2'),('舒心','0','7','13','7','3','3','3','3','300','','2','','3','88'),('舒心','0','13','5','19','6','6','6','6','600','','2','','6','91'),('舒心','0','17','2','25','9','9','9','9','900','','2','','9','21'),('舒心','0','11','4','10','1','1','1','1','100','','2','','1','75'),('舒心','0','1','13','0','6','6','6','6','600','','2','','6','85'),('舒心','0','13','12','1','8','8','8','8','800','','2','','8','3'),('舒心','0','11','0','17','2','2','2','2','200','','2','','2','14'),('舒心','0','2','7','9','4','4','4','4','400','','2','','4','44'),('舒心','0','1','8','16','3','3','3','3','300','','2','','3','80'),('舒心','0','12','5','10','2','2','2','2','200','','2','','2','62'),('舒心','0','5','12','26','9','9','9','9','900','','2','','9','60'),('舒心','0','2','16','17','6','6','6','6','600','','2','','6','95'),('舒心','0','4','2','16','4','4','4','4','400','','2','','4','19'),('舒心','0','15','8','27','10','10','10','10','1000','','2','','10','25'),('舒心','0','6','4','6','4','4','4','4','400','','2','','4','80'),('舒心','0','12','6','0','4','4','4','4','400','','2','','4','60'),('舒心','0','9','9','17','3','3','3','3','300','','2','','3','100'),('舒心','0','13','16','22','6','6','6','6','600','','2','','6','2'),('舒心','0','0','1','10','0','0','0','0','0','','2','','0','45'),('舒心','0','9','12','15','2','2','2','2','200','','2','','2','25'),('舒心','0','18','16','7','10','10','10','10','1000','','2','','10','68'),('舒心','0','4','12','5','2','2','2','2','200','','2','','2','52'),('舒心','0','10','7','17','5','5','5','5','500','','2','','5','78'),('舒心','0','8','1','7','0','0','0','0','0','','2','','0','25'),('舒心','0','18','14','2','9','9','9','9','900','','2','','9','21'),('舒心','0','1','12','15','5','5','5','5','500','','2','','5','85'),('舒心','0','20','8','12','10','10','10','10','1000','','2','','10','51'),('舒心','0','8','2','7','10','10','10','10','1000','','2','','10','43'),('舒心','0','5','3','12','0','0','0','0','0','','2','','0','6'),('舒心','0','4','2','22','5','5','5','5','500','','2','','5','60'),('舒心','0','5','4','18','3','3','3','3','300','','2','','3','86'),('舒心','0','14','9','3','10','10','10','10','1000','','2','','10','14'),('舒心','0','12','13','17','9','9','9','9','900','','2','','9','20'),('舒心','0','11','10','15','8','8','8','8','800','','2','','8','86'),('舒心','0','12','3','9','6','6','6','6','600','','2','','6','53'),('舒心','0','0','3','4','4','4','4','4','400','','2','','4','23'),('舒心','0','13','8','10','4','4','4','4','400','','2','','4','10'),('舒心','0','5','11','13','4','4','4','4','400','','2','','4','22'),('舒心','0','6','8','6','5','5','5','5','500','','2','','5','76'),('舒心','0','4','0','2','0','0','0','0','0','','2','','0','3'),('舒心','0','5','2','20','0','0','0','0','0','','2','','0','72'),('舒心','0','1','1','7','0','0','0','0','0','','2','','0','80'),('舒心','0','2','3','2','4','4','4','4','400','','2','','4','26'),('舒心','0','3','13','4','3','3','3','3','300','','2','','3','39'),('舒心','0','16','5','15','8','8','8','8','800','','2','','8','53'),('舒心','0','3','8','27','8','8','8','8','800','','2','','8','16'),('舒心','0','7','18','29','10','10','10','10','1000','','2','','10','25'),('舒心','0','6','7','1','0','0','0','0','0','','2','','0','66'),('舒心','0','2','0','19','0','0','0','0','0','','2','','0','51'),('舒心','0','3','1','18','1','1','1','1','100','','2','','1','41'),('舒心','0','13','5','10','4','4','4','4','400','','2','','4','46'),('舒心','0','14','3','0','5','5','5','5','500','','2','','5','67'),('舒心','0','3','4','17','9','9','9','9','900','','2','','9','11'),('舒心','0','9','13','21','3','3','3','3','300','','2','','3','15'),('舒心','0','1','2','14','4','4','4','4','400','','2','','4','8'),('舒心','0','2','2','20','6','6','6','6','600','','2','','6','78'),('舒心','0','13','0','8','8','8','8','8','800','','2','','8','32'),('舒心','0','19','7','20','9','9','9','9','900','','2','','9','46'),('舒心','0','10','2','1','2','2','2','2','200','','2','','2','86'),('舒心','0','13','10','13','7','7','7','7','700','','2','','7','82'),('舒心','0','8','2','10','6','6','6','6','600','','2','','6','60'),('舒心','0','8','3','4','8','8','8','8','800','','2','','8','95'),('舒心','0','5','0','24','6','6','6','6','600','','2','','6','0'),('舒心','0','11','2','23','6','6','6','6','600','','2','','6','14'),('舒心','0','12','16','22','9','9','9','9','900','','2','','9','91'),('舒心','0','16','12','20','8','8','8','8','800','','2','','8','69'),('舒心','0','8','10','19','6','6','6','6','600','','2','','6','22'),('舒心','0','7','15','6','6','6','6','6','600','','2','','6','58'),('舒心','0','10','11','18','5','5','5','5','500','','2','','5','73'),('舒心','0','7','14','12','10','10','10','10','1000','','2','','10','29'),('舒心','0','9','4','13','1','1','1','1','100','','2','','1','76'),('舒心','0','16','7','6','6','6','6','6','600','','2','','6','49'),('舒心','0','7','1','2','0','0','0','0','0','','2','','0','1'),('舒心','0','13','13','18','9','9','9','9','900','','2','','9','85'),('舒心','0','13','4','5','4','4','4','4','400','','2','','4','30'),('舒心','0','16','18','2','10','10','10','10','1000','','2','','10','72'),('舒心','0','5','12','6','5','5','5','5','500','','2','','5','25'),('舒心','0','1','5','10','5','5','5','5','500','','2','','5','95'),('舒心','0','4','17','16','10','10','10','10','1000','','2','','10','9'),('舒心','0','13','13','14','6','6','6','6','600','','2','','6','59'),('舒心','0','8','11','1','2','2','2','2','200','','2','','2','40'),('舒心','0','4','2','5','7','7','7','7','700','','2','','7','68'),('舒心','0','7','12','5','2','2','2','2','200','','2','','2','84'),('舒心','0','9','5','21','7','7','7','7','700','','2','','7','97'),('舒心','0','4','1','18','2','2','2','2','200','','2','','2','93'),('舒心','0','5','12','23','3','3','3','3','300','','2','','3','65'),('舒心','0','7','3','11','8','8','8','8','800','','2','','8','77'),('舒心','0','10','11','11','1','1','1','1','100','','2','','1','18'),('舒心','0','7','14','11','10','10','10','10','1000','','2','','10','81'),('舒心','0','2','9','3','0','0','0','0','0','','2','','0','95'),('舒心','0','8','8','17','9','9','9','9','900','','2','','9','59'),('舒心','0','5','11','1','2','2','2','2','200','','2','','2','8'),('舒心','0','6','5','2','5','5','5','5','500','','2','','5','50'),('舒心','0','0','0','24','10','10','10','10','1000','','2','','10','16'),('舒心','0','1','2','21','2','2','2','2','200','','2','','2','52'),('舒心','0','0','7','0','0','0','0','0','0','','2','','0','1'),('舒心','0','5','3','17','1','1','1','1','100','','2','','1','99'),('舒心','0','8','11','7','7','7','7','7','700','','2','','7','39'),('舒心','0','1','4','21','1','1','1','1','100','','2','','1','29'),('舒心','0','3','7','18','7','7','7','7','700','','2','','7','82'),('舒心','0','2','3','18','0','0','0','0','0','','2','','0','72') [ RunTime:0.0480s ]
INFO: [ view_parse ] --START--
INFO: [ template_filter ] --START--
INFO: Run Behavior\ContentReplaceBehavior [ RunTime:0.000000s ]
INFO: [ template_filter ] --END-- [ RunTime:0.000000s ]
INFO: Run Behavior\ParseTemplateBehavior [ RunTime:0.010001s ]
INFO: [ view_parse ] --END-- [ RunTime:0.010001s ]
INFO: [ view_filter ] --START--
INFO: Run Behavior\WriteHtmlCacheBehavior [ RunTime:0.002000s ]
INFO: [ view_filter ] --END-- [ RunTime:0.002000s ]
INFO: [ app_end ] --START--
INFO: Run Behavior\ShowPageTraceBehavior [ RunTime:0.003000s ]
INFO: [ app_end ] --END-- [ RunTime:0.003000s ]

[ 2018-01-29T21:02:55+08:00 ] 127.0.0.1 /
INFO: [ app_init ] --START--
INFO: Run Behavior\BuildLiteBehavior [ RunTime:0.000000s ]
INFO: [ app_init ] --END-- [ RunTime:0.000000s ]
INFO: [ app_begin ] --START--
INFO: Run Behavior\ReadHtmlCacheBehavior [ RunTime:0.000000s ]
INFO: [ app_begin ] --END-- [ RunTime:0.000000s ]
SQL: SHOW COLUMNS FROM `war_general` [ RunTime:0.0020s ]
SQL: INSERT INTO `war_general` (`general_name`,`player_id`,`arch_attack`,`life_attack`,`attack_distance`,`defense`,`move_speed`,`attack_speed`,`level`,`experience`,`profile`,`status`,`news`,`wages`,`loyalty`) VALUES ('钱林','0','10','7','14','3','3','3','3','300','','2','','3','23'),('卢晴','0','0','6','19','1','1','1','1','100','','2','','1','12'),('龙洋','0','10','7','14','0','0','0','0','0','','2','','0','84'),('施茜纪','0','12','8','2','5','5','5','5','500','','2','','5','69'),('嵇婵','0','9','1','7','4','4','4','4','400','','2','','4','77'),('冉君','0','8','11','4','7','7','7','7','700','','2','','7','72'),('昌达伟','0','10','10','9','5','5','5','5','500','','2','','5','92'),('黄昭','0','10','11','23','6','6','6','6','600','','2','','6','34'),('吉梦','0','3','1','5','1','1','1','1','100','','2','','1','60'),('解慧','0','12','1','0','3','3','3','3','300','','2','','3','30'),('怀惠慧','0','7','16','10','10','10','10','10','1000','','2','','10','40'),('邓信伊','0','18','1','0','8','8','8','8','800','','2','','8','66'),('钱琰','0','10','1','29','10','10','10','10','1000','','2','','10','83'),('幸勇生','0','2','13','22','3','3','3','3','300','','2','','3','60'),('盛良','0','8','4','24','6','6','6','6','600','','2','','6','13'),('莘力晓','0','7','6','27','10','10','10','10','1000','','2','','10','11'),('宗成波','0','5','7','8','1','1','1','1','100','','2','','1','3'),('水志庆','0','8','8','1','4','4','4','4','400','','2','','4','82'),('詹树蓝','0','0','10','17','4','4','4','4','400','','2','','4','46'),('吕树','0','14','11','8','6','6','6','6','600','','2','','6','66'),('邰策勇','0','10','3','0','1','1','1','1','100','','2','','1','31'),('凌凤','0','19','19','29','9','9','9','9','900','','2','','9','69'),('季彦云','0','9','2','0','8','8','8','8','800','','2','','8','21'),('嵇永安','0','2','17','18','8','8','8','8','800','','2','','8','78'),('聂顺','0','10','8','16','0','0','0','0','0','','2','','0','26'),('华坚','0','9','8','18','2','2','2','2','200','','2','','2','42'),('连育芝','0','10','1','12','3','3','3','3','300','','2','','3','76'),('谈芳','0','4','3','21','9','9','9','9','900','','2','','9','43'),('淳于栋','0','6','7','5','5','5','5','5','500','','2','','5','98'),('熊仁达','0','14','12','3','10','10','10','10','1000','','2','','10','74'),('施翔','0','6','14','12','6','6','6','6','600','','2','','6','92'),('寇勤之','0','14','4','27','10','10','10','10','1000','','2','','10','9'),('汤元','0','8','3','6','6','6','6','6','600','','2','','6','4'),('葛鸣','0','2','2','26','6','6','6','6','600','','2','','6','86'),('程淑','0','3','12','13','3','3','3','3','300','','2','','3','4'),('陶丽进','0','10','3','23','3','3','3','3','300','','2','','3','73'),('柳小兴','0','20','8','9','10','10','10','10','1000','','2','','10','57'),('文蓓群','0','13','5','0','3','3','3','3','300','','2','','3','50'),('狄颖利','0','18','6','0','10','10','10','10','1000','','2','','10','99'),('洪娅苑','0','9','10','7','0','0','0','0','0','','2','','0','81'),('国国融','0','15','13','11','6','6','6','6','600','','2','','6','13'),('纪影艺','0','5','8','6','0','0','0','0','0','','2','','0','89'),('容悦','0','3','8','12','2','2','2','2','200','','2','','2','8'),('汪璧','0','2','10','24','7','7','7','7','700','','2','','7','30'),('穆波','0','2','10','1','2','2','2','2','200','','2','','2','85'),('乔顺','0','12','5','14','9','9','9','9','900','','2','','9','73'),('奚梅','0','13','2','9','5','5','5','5','500','','2','','5','17'),('荀清轩','0','2','10','18','0','0','0','0','0','','2','','0','68'),('印卿','0','18','5','5','9','9','9','9','900','','2','','9','28'),('皇甫菊','0','10','5','15','5','5','5','5','500','','2','','5','24'),('连娜','0','9','5','6','7','7','7','7','700','','2','','7','61'),('尹忠彩','0','4','1','3','6','6','6','6','600','','2','','6','90'),('费倩','0','9','5','4','0','0','0','0','0','','2','','0','55'),('贾雨姣','0','5','12','6','2','2','2','2','200','','2','','2','16'),('孔梦信','0','10','2','7','0','0','0','0','0','','2','','0','22'),('申屠榕','0','12','13','2','5','5','5','5','500','','2','','5','43'),('费奇和','0','5','7','5','10','10','10','10','1000','','2','','10','23'),('公冶丽','0','4','9','16','7','7','7','7','700','','2','','7','70'),('胡咏彪','0','13','7','10','5','5','5','5','500','','2','','5','37'),('易素','0','17','8','15','10','10','10','10','1000','','2','','10','26'),('长孙冠妮','0','9','2','11','1','1','1','1','100','','2','','1','43'),('平奇昭','0','0','1','2','1','1','1','1','100','','2','','1','56'),('孔菁羽','0','13','2','16','4','4','4','4','400','','2','','4','90'),('关婵紫','0','0','6','18','2','2','2','2','200','','2','','2','85'),('路波育','0','12','15','6','8','8','8','8','800','','2','','8','74'),('戚楠茜','0','1','1','23','3','3','3','3','300','','2','','3','98'),('尉迟刚翔','0','15','14','20','5','5','5','5','500','','2','','5','13'),('诸彪','0','8','4','19','5','5','5','5','500','','2','','5','15'),('李纪','0','9','8','17','3','3','3','3','300','','2','','3','24'),('太叔德玛','0','4','8','18','4','4','4','4','400','','2','','4','67'),('溥广','0','6','10','0','2','2','2','2','200','','2','','2','94'),('庞庆腾','0','18','12','23','10','10','10','10','1000','','2','','10','66'),('施海叶','0','19','7','0','10','10','10','10','1000','','2','','10','55'),('诸力','0','11','10','11','1','1','1','1','100','','2','','1','85'),('师瑶宗','0','7','6','2','3','3','3','3','300','','2','','3','64'),('蓝聪敬','0','4','11','19','10','10','10','10','1000','','2','','10','31'),('仲孙山','0','3','6','13','3','3','3','3','300','','2','','3','74'),('寿辉军','0','18','0','27','8','8','8','8','800','','2','','8','23'),('惠超岚','0','7','11','5','2','2','2','2','200','','2','','2','9'),('晏裕','0','0','14','18','5','5','5','5','500','','2','','5','61'),('尉迟义','0','11','11','8','4','4','4','4','400','','2','','4','41'),('姜宁','0','12','10','1','10','10','10','10','1000','','2','','10','5'),('怀韵','0','8','14','4','8','8','8','8','800','','2','','8','63'),('谈真','0','11','18','26','10','10','10','10','1000','','2','','10','50'),('伊嘉','0','5','12','24','9','9','9','9','900','','2','','9','66'),('蓝倩','0','14','5','13','10','10','10','10','1000','','2','','10','1'),('贾希','0','10','2','1','3','3','3','3','300','','2','','3','11'),('申生','0','4','2','10','5','5','5','5','500','','2','','5','47'),('詹黛','0','17','15','27','8','8','8','8','800','','2','','8','8'),('赵韵民','0','10','12','5','5','5','5','5','500','','2','','5','34'),('晏福真','0','5','10','17','6','6','6','6','600','','2','','6','87'),('樊丽友','0','4','0','4','5','5','5','5','500','','2','','5','46'),('蒋凤萱','0','9','13','5','7','7','7','7','700','','2','','7','77'),('雷武利','0','5','0','27','7','7','7','7','700','','2','','7','76'),('单茗','0','8','3','4','0','0','0','0','0','','2','','0','75'),('孔影','0','5','2','17','9','9','9','9','900','','2','','9','97'),('柳裕','0','3','4','16','8','8','8','8','800','','2','','8','30'),('吉之','0','14','7','20','4','4','4','4','400','','2','','4','47'),('孙真馥','0','0','13','9','5','5','5','5','500','','2','','5','10'),('怀厚','0','2','8','8','0','0','0','0','0','','2','','0','95'),('欧成','0','12','10','13','6','6','6','6','600','','2','','6','80'),('鲁融枫','0','10','1','10','9','9','9','9','900','','2','','9','20'),('童平','0','7','2','10','3','3','3','3','300','','2','','3','76'),('索松','0','10','7','21','1','1','1','1','100','','2','','1','88'),('劳启','0','3','10','22','2','2','2','2','200','','2','','2','83'),('米若永','0','5','5','16','6','6','6','6','600','','2','','6','18'),('茅广妍','0','3','0','1','3','3','3','3','300','','2','','3','7'),('毕奇','0','2','14','5','6','6','6','6','600','','2','','6','71'),('杭媛怡','0','8','0','10','3','3','3','3','300','','2','','3','51'),('淳于露文','0','1','1','5','0','0','0','0','0','','2','','0','11'),('曲瑾','0','12','10','14','9','9','9','9','900','','2','','9','89'),('凤芳才','0','9','3','9','3','3','3','3','300','','2','','3','93'),('毛鹏华','0','19','3','26','9','9','9','9','900','','2','','9','41'),('邓露和','0','7','0','9','8','8','8','8','800','','2','','8','23'),('劳宇蓓','0','13','2','12','8','8','8','8','800','','2','','8','54'),('裘伦','0','13','0','11','8','8','8','8','800','','2','','8','49'),('易炎星','0','0','9','20','5','5','5','5','500','','2','','5','65'),('缪威','0','9','10','9','0','0','0','0','0','','2','','0','24'),('终洁','0','13','14','3','4','4','4','4','400','','2','','4','88'),('郎澜','0','13','18','17','10','10','10','10','1000','','2','','10','87'),('柴秀','0','14','2','2','4','4','4','4','400','','2','','4','80'),('尹莲宏','0','15','7','19','6','6','6','6','600','','2','','6','36'),('夏侯馨炎','0','3','11','7','6','6','6','6','600','','2','','6','24'),('施媚裕','0','9','0','17','3','3','3','3','300','','2','','3','4'),('卓彬容','0','7','2','5','1','1','1','1','100','','2','','1','97'),('金风','0','8','6','20','7','7','7','7','700','','2','','7','32'),('颜慧','0','1','6','3','6','6','6','6','600','','2','','6','48'),('索锦风','0','7','3','6','9','9','9','9','900','','2','','9','47'),('怀思勤','0','1','10','8','7','7','7','7','700','','2','','7','75'),('党露','0','15','4','17','10','10','10','10','1000','','2','','10','33'),('曹松','0','7','9','9','5','5','5','5','500','','2','','5','94'),('扶明育','0','9','6','18','0','0','0','0','0','','2','','0','12'),('宗琴','0','2','10','18','7','7','7','7','700','','2','','7','22'),('支伟','0','11','17','22','7','7','7','7','700','','2','','7','11'),('凌会芝','0','13','7','4','4','4','4','4','400','','2','','4','46'),('习萍芸','0','12','18','3','8','8','8','8','800','','2','','8','46'),('季怡','0','0','0','7','3','3','3','3','300','','2','','3','100'),('雷善安','0','8','1','14','5','5','5','5','500','','2','','5','89'),('蒋致信','0','3','7','8','2','2','2','2','200','','2','','2','38'),('桑栋俊','0','15','8','18','6','6','6','6','600','','2','','6','47'),('乔刚','0','5','4','15','1','1','1','1','100','','2','','1','15'),('张庆','0','3','11','12','7','7','7','7','700','','2','','7','37'),('禄广','0','1','13','2','3','3','3','3','300','','2','','3','55'),('夏侯晓','0','3','15','25','5','5','5','5','500','','2','','5','61'),('夏苑','0','7','5','18','2','2','2','2','200','','2','','2','29'),('左平','0','1','19','15','10','10','10','10','1000','','2','','10','79'),('洪露','0','5','5','2','6','6','6','6','600','','2','','6','31'),('傅骅','0','14','10','25','9','9','9','9','900','','2','','9','85'),('邹乐','0','1','5','2','1','1','1','1','100','','2','','1','51'),('单小蝶','0','15','0','10','6','6','6','6','600','','2','','6','84'),('翁蕊','0','6','9','14','3','3','3','3','300','','2','','3','51'),('邹贤','0','16','16','17','7','7','7','7','700','','2','','7','65'),('费荔杰','0','8','8','18','10','10','10','10','1000','','2','','10','40'),('孙倩','0','1','5','2','1','1','1','1','100','','2','','1','76'),('尤时琛','0','6','9','7','4','4','4','4','400','','2','','4','49'),('莫逸','0','14','6','3','5','5','5','5','500','','2','','5','100'),('雍黛','0','1','8','17','4','4','4','4','400','','2','','4','5'),('窦飘轩','0','5','0','7','0','0','0','0','0','','2','','0','26'),('缪彦','0','8','3','9','0','0','0','0','0','','2','','0','8'),('柳民','0','4','7','17','2','2','2','2','200','','2','','2','34'),('奚恒','0','5','11','10','4','4','4','4','400','','2','','4','5'),('支育','0','7','5','5','9','9','9','9','900','','2','','9','58'),('汤勤宁','0','4','3','16','2','2','2','2','200','','2','','2','65'),('从榕','0','4','11','6','3','3','3','3','300','','2','','3','67'),('万茗','0','17','6','5','7','7','7','7','700','','2','','7','52'),('终桦','0','11','4','4','8','8','8','8','800','','2','','8','40'),('国雄','0','8','8','8','3','3','3','3','300','','2','','3','3'),('荆华','0','6','13','3','8','8','8','8','800','','2','','8','43'),('郎保荷','0','2','3','23','3','3','3','3','300','','2','','3','2'),('卞冠','0','11','5','11','7','7','7','7','700','','2','','7','98'),('林珍','0','14','19','2','10','10','10','10','1000','','2','','10','56'),('杜祥亮','0','6','6','1','0','0','0','0','0','','2','','0','61'),('姚弘','0','11','13','9','9','9','9','9','900','','2','','9','67'),('崔妍','0','3','8','14','7','7','7','7','700','','2','','7','0'),('邹承朗','0','18','6','2','8','8','8','8','800','','2','','8','9'),('伏元','0','7','0','9','0','0','0','0','0','','2','','0','67'),('唐璐茂','0','7','8','2','4','4','4','4','400','','2','','4','4'),('裴天','0','9','3','14','5','5','5','5','500','','2','','5','71'),('宁姬','0','5','5','3','3','3','3','3','300','','2','','3','97'),('阎思达','0','8','6','4','4','4','4','4','400','','2','','4','58'),('任容全','0','11','3','22','6','6','6','6','600','','2','','6','24'),('马珊惠','0','12','7','4','4','4','4','4','400','','2','','4','82'),('花鹏','0','4','3','9','1','1','1','1','100','','2','','1','1'),('桑佳','0','0','7','16','9','9','9','9','900','','2','','9','81'),('庄洁纯','0','3','7','12','4','4','4','4','400','','2','','4','87'),('褚寒玉','0','1','8','8','0','0','0','0','0','','2','','0','53'),('伏云朋','0','0','5','14','0','0','0','0','0','','2','','0','61'),('吉贤','0','0','1','9','1','1','1','1','100','','2','','1','32'),('文萱静','0','14','12','13','5','5','5','5','500','','2','','5','0'),('燕敬','0','6','0','24','7','7','7','7','700','','2','','7','59'),('索有健','0','11','1','2','4','4','4','4','400','','2','','4','57'),('惠桦','0','3','8','4','10','10','10','10','1000','','2','','10','59'),('池洁','0','0','9','18','0','0','0','0','0','','2','','0','25'),('万风苛','0','9','8','14','0','0','0','0','0','','2','','0','19'),('管艺烁','0','10','16','13','10','10','10','10','1000','','2','','10','24'),('蔡姬','0','6','4','11','0','0','0','0','0','','2','','0','59'),('褚寒德','0','2','0','2','6','6','6','6','600','','2','','6','70'),('史珠天','0','7','13','9','4','4','4','4','400','','2','','4','6'),('裴梦','0','8','6','18','0','0','0','0','0','','2','','0','48'),('弘乐','0','10','10','21','1','1','1','1','100','','2','','1','78') [ RunTime:0.0770s ]
INFO: [ view_parse ] --START--
INFO: [ template_filter ] --START--
INFO: Run Behavior\ContentReplaceBehavior [ RunTime:0.001000s ]
INFO: [ template_filter ] --END-- [ RunTime:0.001000s ]
INFO: Run Behavior\ParseTemplateBehavior [ RunTime:0.004000s ]
INFO: [ view_parse ] --END-- [ RunTime:0.004000s ]
INFO: [ view_filter ] --START--
INFO: Run Behavior\WriteHtmlCacheBehavior [ RunTime:0.001000s ]
INFO: [ view_filter ] --END-- [ RunTime:0.001000s ]
INFO: [ app_end ] --START--
INFO: Run Behavior\ShowPageTraceBehavior [ RunTime:0.001000s ]
INFO: [ app_end ] --END-- [ RunTime:0.001000s ]

